<?xml version="1.0" encoding="UTF-8"?>
<testng-results ignored="0" total="1" passed="1" failed="0" skipped="0">
  <reporter-output>
  </reporter-output>
  <suite started-at="2024-12-01T14:28:14 IST" name="Default suite" finished-at="2024-12-01T14:28:48 IST" duration-ms="34823">
    <groups>
    </groups>
    <test started-at="2024-12-01T14:28:14 IST" name="Default test" finished-at="2024-12-01T14:28:48 IST" duration-ms="34823">
      <class name="appTests.ChangeSetting">
        <test-method is-config="true" signature="setup()[pri:0, instance:appTests.ChangeSetting@4b5a5ed1]" started-at="2024-12-01T14:28:14 IST" name="setup" finished-at="2024-12-01T14:28:33 IST" duration-ms="19711" status="PASS">
          <reporter-output>
          </reporter-output>
        </test-method> <!-- setup -->
        <test-method signature="ChangeSettingFlow()[pri:0, instance:appTests.ChangeSetting@4b5a5ed1]" started-at="2024-12-01T14:28:33 IST" name="ChangeSettingFlow" finished-at="2024-12-01T14:28:48 IST" duration-ms="14273" status="PASS">
          <reporter-output>
          </reporter-output>
        </test-method> <!-- ChangeSettingFlow -->
        <test-method is-config="true" signature="teardown()[pri:0, instance:appTests.ChangeSetting@4b5a5ed1]" started-at="2024-12-01T14:28:48 IST" name="teardown" finished-at="2024-12-01T14:28:48 IST" duration-ms="787" status="PASS">
          <reporter-output>
          </reporter-output>
        </test-method> <!-- teardown -->
      </class> <!-- appTests.ChangeSetting -->
    </test> <!-- Default test -->
  </suite> <!-- Default suite -->
</testng-results>
