<?xml version="1.0" encoding="UTF-8"?>
<testng-results ignored="0" total="3" passed="2" failed="1" skipped="0">
  <reporter-output>
  </reporter-output>
  <suite started-at="2025-01-09T18:40:30 IST" name="AppSuite" finished-at="2025-01-09T18:42:04 IST" duration-ms="94571">
    <groups>
    </groups>
    <test started-at="2025-01-09T18:40:30 IST" name="AppTest" finished-at="2025-01-09T18:42:04 IST" duration-ms="94571">
      <class name="appTests.ChangeSetting">
        <test-method is-config="true" signature="setup()[pri:0, instance:appTests.ChangeSetting@85e6769]" started-at="2025-01-09T18:40:30 IST" name="setup" finished-at="2025-01-09T18:40:37 IST" duration-ms="7074" status="PASS">
          <reporter-output>
          </reporter-output>
        </test-method> <!-- setup -->
        <test-method signature="ChangeSettingFlow()[pri:0, instance:appTests.ChangeSetting@85e6769]" started-at="2025-01-09T18:40:37 IST" name="ChangeSettingFlow" finished-at="2025-01-09T18:40:53 IST" duration-ms="15555" status="PASS">
          <reporter-output>
          </reporter-output>
        </test-method> <!-- ChangeSettingFlow -->
        <test-method is-config="true" signature="teardown()[pri:0, instance:appTests.ChangeSetting@85e6769]" started-at="2025-01-09T18:40:53 IST" name="teardown" finished-at="2025-01-09T18:40:53 IST" duration-ms="516" status="PASS">
          <reporter-output>
          </reporter-output>
        </test-method> <!-- teardown -->
      </class> <!-- appTests.ChangeSetting -->
      <class name="appTests.TestAppFlow">
        <test-method is-config="true" signature="setup()[pri:0, instance:appTests.TestAppFlow@4e858e0a]" started-at="2025-01-09T18:41:44 IST" name="setup" finished-at="2025-01-09T18:41:50 IST" duration-ms="6274" status="PASS">
          <reporter-output>
          </reporter-output>
        </test-method> <!-- setup -->
        <test-method signature="TestAppFlow()[pri:0, instance:appTests.TestAppFlow@4e858e0a]" started-at="2025-01-09T18:41:50 IST" name="TestAppFlow" finished-at="2025-01-09T18:42:04 IST" duration-ms="13337" status="PASS">
          <reporter-output>
          </reporter-output>
        </test-method> <!-- TestAppFlow -->
        <test-method is-config="true" signature="teardown()[pri:0, instance:appTests.TestAppFlow@4e858e0a]" started-at="2025-01-09T18:42:04 IST" name="teardown" finished-at="2025-01-09T18:42:04 IST" duration-ms="505" status="PASS">
          <reporter-output>
          </reporter-output>
        </test-method> <!-- teardown -->
      </class> <!-- appTests.TestAppFlow -->
      <class name="appTests.SearchFlow">
        <test-method is-config="true" signature="setup()[pri:0, instance:appTests.SearchFlow@4a11eb84]" started-at="2025-01-09T18:40:53 IST" name="setup" finished-at="2025-01-09T18:41:01 IST" duration-ms="7506" status="PASS">
          <reporter-output>
          </reporter-output>
        </test-method> <!-- setup -->
        <test-method signature="SearchFlow()[pri:0, instance:appTests.SearchFlow@4a11eb84]" started-at="2025-01-09T18:41:01 IST" name="SearchFlow" finished-at="2025-01-09T18:41:44 IST" duration-ms="42649" status="FAIL">
          <exception class="org.openqa.selenium.NoSuchElementException">
            <message>
              <![CDATA[An element could not be located on the page using the given search parameters.
For documentation on this error, please visit: https://www.selenium.dev/documentation/webdriver/troubleshooting/errors#no-such-element-exception
Build info: version: '4.26.0', revision: '8ccf0219d7'
System info: os.name: 'Mac OS X', os.arch: 'x86_64', os.version: '14.5', java.version: '17.0.13'
Driver info: io.appium.java_client.android.AndroidDriver
Command: [7150be4f-9904-4d8e-8c83-f0d0d30629f5, findElement {using=xpath, value=//android.widget.ImageButton[@content-desc="Navigate up"]}]
Capabilities {appium:app: /Users/mohdosama/Project/au..., appium:appPackage: org.wikipedia.alpha, appium:autoGrantPermissions: true, appium:automationName: UiAutomator2, appium:databaseEnabled: false, appium:desired: {app: /Users/mohdosama/Project/au..., autoGrantPermissions: true, automationName: UiAutomator2, deviceName: emulator-5554, platformName: ANDROID}, appium:deviceApiLevel: 34, appium:deviceManufacturer: Google, appium:deviceModel: sdk_gphone64_arm64, appium:deviceName: emulator-5554, appium:deviceScreenDensity: 440, appium:deviceScreenSize: 1080x2340, appium:deviceUDID: emulator-5554, appium:javascriptEnabled: true, appium:locationContextEnabled: false, appium:networkConnectionEnabled: true, appium:pixelRatio: 2.75, appium:platformVersion: 14, appium:statBarHeight: 136, appium:takesScreenshot: true, appium:viewportRect: {height: 2204, left: 0, top: 136, width: 1080}, appium:warnings: {}, appium:webStorageEnabled: false, platformName: ANDROID}
Session ID: 7150be4f-9904-4d8e-8c83-f0d0d30629f5]]>
            </message>
            <full-stacktrace>
              <![CDATA[org.openqa.selenium.NoSuchElementException: An element could not be located on the page using the given search parameters.
For documentation on this error, please visit: https://www.selenium.dev/documentation/webdriver/troubleshooting/errors#no-such-element-exception
Build info: version: '4.26.0', revision: '8ccf0219d7'
System info: os.name: 'Mac OS X', os.arch: 'x86_64', os.version: '14.5', java.version: '17.0.13'
Driver info: io.appium.java_client.android.AndroidDriver
Command: [7150be4f-9904-4d8e-8c83-f0d0d30629f5, findElement {using=xpath, value=//android.widget.ImageButton[@content-desc="Navigate up"]}]
Capabilities {appium:app: /Users/mohdosama/Project/au..., appium:appPackage: org.wikipedia.alpha, appium:autoGrantPermissions: true, appium:automationName: UiAutomator2, appium:databaseEnabled: false, appium:desired: {app: /Users/mohdosama/Project/au..., autoGrantPermissions: true, automationName: UiAutomator2, deviceName: emulator-5554, platformName: ANDROID}, appium:deviceApiLevel: 34, appium:deviceManufacturer: Google, appium:deviceModel: sdk_gphone64_arm64, appium:deviceName: emulator-5554, appium:deviceScreenDensity: 440, appium:deviceScreenSize: 1080x2340, appium:deviceUDID: emulator-5554, appium:javascriptEnabled: true, appium:locationContextEnabled: false, appium:networkConnectionEnabled: true, appium:pixelRatio: 2.75, appium:platformVersion: 14, appium:statBarHeight: 136, appium:takesScreenshot: true, appium:viewportRect: {height: 2204, left: 0, top: 136, width: 1080}, appium:warnings: {}, appium:webStorageEnabled: false, platformName: ANDROID}
Session ID: 7150be4f-9904-4d8e-8c83-f0d0d30629f5
at java.base/jdk.internal.reflect.NativeConstructorAccessorImpl.newInstance0(Native Method)
at java.base/jdk.internal.reflect.NativeConstructorAccessorImpl.newInstance(NativeConstructorAccessorImpl.java:77)
at java.base/jdk.internal.reflect.DelegatingConstructorAccessorImpl.newInstance(DelegatingConstructorAccessorImpl.java:45)
at java.base/java.lang.reflect.Constructor.newInstanceWithCaller(Constructor.java:500)
at java.base/java.lang.reflect.Constructor.newInstance(Constructor.java:481)
at org.openqa.selenium.remote.ErrorCodec.decode(ErrorCodec.java:167)
at org.openqa.selenium.remote.codec.w3c.W3CHttpResponseCodec.decode(W3CHttpResponseCodec.java:138)
at org.openqa.selenium.remote.codec.w3c.W3CHttpResponseCodec.decode(W3CHttpResponseCodec.java:50)
at org.openqa.selenium.remote.HttpCommandExecutor.execute(HttpCommandExecutor.java:190)
at io.appium.java_client.remote.AppiumCommandExecutor.execute(AppiumCommandExecutor.java:237)
at org.openqa.selenium.remote.RemoteWebDriver.execute(RemoteWebDriver.java:545)
at org.openqa.selenium.remote.ElementLocation$ElementFinder$2.findElement(ElementLocation.java:165)
at org.openqa.selenium.remote.ElementLocation.findElement(ElementLocation.java:59)
at org.openqa.selenium.remote.RemoteWebDriver.findElement(RemoteWebDriver.java:368)
at org.openqa.selenium.remote.RemoteWebDriver.findElement(RemoteWebDriver.java:362)
at org.openqa.selenium.support.pagefactory.DefaultElementLocator.findElement(DefaultElementLocator.java:68)
at org.openqa.selenium.support.pagefactory.internal.LocatingElementHandler.invoke(LocatingElementHandler.java:38)
at jdk.proxy2/jdk.proxy2.$Proxy28.click(Unknown Source)
at appPages.JuiceShop.NavigateBackToHomePage(JuiceShop.java:87)
at appTests.SearchFlow.SearchFlow(SearchFlow.java:21)
at java.base/jdk.internal.reflect.NativeMethodAccessorImpl.invoke0(Native Method)
at java.base/jdk.internal.reflect.NativeMethodAccessorImpl.invoke(NativeMethodAccessorImpl.java:77)
at java.base/jdk.internal.reflect.DelegatingMethodAccessorImpl.invoke(DelegatingMethodAccessorImpl.java:43)
at java.base/java.lang.reflect.Method.invoke(Method.java:569)
at org.testng.internal.invokers.MethodInvocationHelper.invokeMethod(MethodInvocationHelper.java:141)
at org.testng.internal.invokers.TestInvoker.invokeMethod(TestInvoker.java:686)
at org.testng.internal.invokers.TestInvoker.invokeTestMethod(TestInvoker.java:230)
at org.testng.internal.invokers.MethodRunner.runInSequence(MethodRunner.java:63)
at org.testng.internal.invokers.TestInvoker$MethodInvocationAgent.invoke(TestInvoker.java:992)
at org.testng.internal.invokers.TestInvoker.invokeTestMethods(TestInvoker.java:203)
at org.testng.internal.invokers.TestMethodWorker.invokeTestMethods(TestMethodWorker.java:154)
at org.testng.internal.invokers.TestMethodWorker.run(TestMethodWorker.java:134)
at java.base/java.util.concurrent.Executors$RunnableAdapter.call(Executors.java:539)
at java.base/java.util.concurrent.FutureTask.run(FutureTask.java:264)
at org.testng.internal.thread.graph.TestNGFutureTask.run(TestNGFutureTask.java:22)
at java.base/java.util.concurrent.ThreadPoolExecutor.runWorker(ThreadPoolExecutor.java:1136)
at java.base/java.util.concurrent.ThreadPoolExecutor$Worker.run(ThreadPoolExecutor.java:635)
at java.base/java.lang.Thread.run(Thread.java:840)
]]>
            </full-stacktrace>
          </exception> <!-- org.openqa.selenium.NoSuchElementException -->
          <reporter-output>
          </reporter-output>
        </test-method> <!-- SearchFlow -->
        <test-method is-config="true" signature="teardown()[pri:0, instance:appTests.SearchFlow@4a11eb84]" started-at="2025-01-09T18:41:44 IST" name="teardown" finished-at="2025-01-09T18:41:44 IST" duration-ms="487" status="PASS">
          <reporter-output>
          </reporter-output>
        </test-method> <!-- teardown -->
      </class> <!-- appTests.SearchFlow -->
    </test> <!-- AppTest -->
  </suite> <!-- AppSuite -->
</testng-results>
